speechandroid/gradleBuild/outputs/logs/manifest-merger-debug-report.txt
-- Merging decision tree log ---
manifest
ADDED from github/speechandroid/AndroidManifest.xml:18:1-44:12
	package
		ADDED from github/speechandroid/AndroidManifest.xml:19:5-34
	xmlns:android
		ADDED from github/speechandroid/AndroidManifest.xml:18:11-69
uses-permission#android.permission.WRITE_EXTERNAL_STORAGE
ADDED from github/speechandroid/AndroidManifest.xml:21:5-80
	android:name
		ADDED from github/speechandroid/AndroidManifest.xml:21:22-78
uses-permission#android.permission.RECORD_AUDIO
ADDED from github/speechandroid/AndroidManifest.xml:22:5-71
	android:name
		ADDED from github/speechandroid/AndroidManifest.xml:22:22-68
uses-sdk
ADDED from github/speechandroid/AndroidManifest.xml:24:5-26:41
MERGED from [com.android.support:appcompat-v7:25.1.1] AndroidManifest.xml:21:5-23:78
MERGED from [com.android.support:support-v4:25.1.1] AndroidManifest.xml:21:5-23:54
MERGED from [com.android.support:support-fragment:25.1.1] AndroidManifest.xml:21:5-23:60
MERGED from [com.android.support:support-media-compat:25.1.1] AndroidManifest.xml:21:5-23:63
MERGED from [com.android.support:support-core-ui:25.1.1] AndroidManifest.xml:21:5-23:58
MERGED from [com.android.support:support-core-utils:25.1.1] AndroidManifest.xml:21:5-23:61
MERGED from [com.android.support:animated-vector-drawable:25.1.1] AndroidManifest.xml:20:5-44
MERGED from [com.android.support:support-vector-drawable:25.1.1] AndroidManifest.xml:21:5-43
MERGED from [com.android.support:support-compat:25.1.1] AndroidManifest.xml:21:5-23:58
	tools:overrideLibrary
		ADDED from [com.android.support:appcompat-v7:25.1.1] AndroidManifest.xml:23:9-75
	android:targetSdkVersion
		ADDED from github/speechandroid/AndroidManifest.xml:26:9-38
	android:minSdkVersion
		ADDED from github/speechandroid/AndroidManifest.xml:25:9-35
application
ADDED from github/speechandroid/AndroidManifest.xml:28:5-42:19
MERGED from [com.android.support:appcompat-v7:25.1.1] AndroidManifest.xml:25:5-20
MERGED from [com.android.support:support-v4:25.1.1] AndroidManifest.xml:25:5-20
MERGED from [com.android.support:support-fragment:25.1.1] AndroidManifest.xml:25:5-20
MERGED from [com.android.support:support-media-compat:25.1.1] AndroidManifest.xml:25:5-20
MERGED from [com.android.support:support-core-ui:25.1.1] AndroidManifest.xml:25:5-20
MERGED from [com.android.support:support-core-utils:25.1.1] AndroidManifest.xml:25:5-20
MERGED from [com.android.support:animated-vector-drawable:25.1.1] AndroidManifest.xml:22:5-20
MERGED from [com.android.support:support-vector-drawable:25.1.1] AndroidManifest.xml:23:5-20
MERGED from [com.android.support:support-compat:25.1.1] AndroidManifest.xml:25:5-20
	android:label
		ADDED from github/speechandroid/AndroidManifest.xml:30:9-41
	android:debuggable
		ADDED from github/speechandroid/AndroidManifest.xml:29:9-34
	android:allowBackup
		ADDED from github/speechandroid/AndroidManifest.xml:28:18-44
	android:icon
		ADDED from github/speechandroid/AndroidManifest.xml:31:9-45
	android:theme
		ADDED from github/speechandroid/AndroidManifest.xml:32:9-45
activity#org.tensorflow.demo.SpeechActivity
ADDED from github/speechandroid/AndroidManifest.xml:34:9-41:20
	android:screenOrientation
		ADDED from github/speechandroid/AndroidManifest.xml:35:13-49
	android:label
		ADDED from github/speechandroid/AndroidManifest.xml:36:13-57
	android:name
		ADDED from github/speechandroid/AndroidManifest.xml:34:19-68
intent-filter#android.intent.action.MAIN+android.intent.category.LAUNCHER
ADDED from github/speechandroid/AndroidManifest.xml:37:13-40:29
action#android.intent.action.MAIN
ADDED from github/speechandroid/AndroidManifest.xml:38:17-69
	android:name
		ADDED from github/speechandroid/AndroidManifest.xml:38:25-66
category#android.intent.category.LAUNCHER
ADDED from github/speechandroid/AndroidManifest.xml:39:17-77
	android:name
		ADDED from github/speechandroid/AndroidManifest.xml:39:27-74